C:\USERS\GAME\DESKTOP\GAMETHESIS\DEBUG\GAMETHESIS.EXE
C:\Users\game\Desktop\gameThesis\Debug\gameThesis.pdb
C:\USERS\GAME\DESKTOP\GAMETHESIS\GAMETHESIS\DEBUG\AXUM.OBJ
C:\USERS\GAME\DESKTOP\GAMETHESIS\GAMETHESIS\DEBUG\CARD.OBJ
C:\Users\game\Desktop\gameThesis\gameThesis\Debug\cl.command.1.tlog
C:\Users\game\Desktop\gameThesis\gameThesis\Debug\CL.read.1.tlog
C:\Users\game\Desktop\gameThesis\gameThesis\Debug\CL.write.1.tlog
C:\Users\game\Desktop\gameThesis\gameThesis\Debug\gameThesis.exe.intermediate.manifest
C:\Users\game\Desktop\gameThesis\gameThesis\Debug\link.command.1.tlog
C:\Users\game\Desktop\gameThesis\gameThesis\Debug\link.read.1.tlog
C:\Users\game\Desktop\gameThesis\gameThesis\Debug\link.write.1.tlog
C:\USERS\GAME\DESKTOP\GAMETHESIS\GAMETHESIS\DEBUG\MAIN.OBJ
C:\Users\game\Desktop\gameThesis\gameThesis\Debug\mt.command.1.tlog
C:\Users\game\Desktop\gameThesis\gameThesis\Debug\mt.read.1.tlog
C:\Users\game\Desktop\gameThesis\gameThesis\Debug\mt.write.1.tlog
C:\USERS\GAME\DESKTOP\GAMETHESIS\GAMETHESIS\DEBUG\PLAYER.OBJ
C:\USERS\GAME\DESKTOP\GAMETHESIS\GAMETHESIS\DEBUG\PLAYER2.OBJ
C:\Users\game\Desktop\gameThesis\gameThesis\Debug\vc100.idb
C:\USERS\GAME\DESKTOP\GAMETHESIS\GAMETHESIS\DEBUG\VC100.PDB
D:\EDUCATIONAL\C++_PROJECTS\CODE\GAMETHESIS\DEBUG\GAMETHESIS.EXE
D:\EDUCATIONAL\C++_PROJECTS\CODE\GAMETHESIS\DEBUG\GAMETHESIS.ILK
D:\EDUCATIONAL\C++_PROJECTS\CODE\GAMETHESIS\DEBUG\GAMETHESIS.PDB
D:\EDUCATIONAL\C++_PROJECTS\CODE\GAMETHESIS\GAMETHESIS\DEBUG\AXUM.OBJ
D:\EDUCATIONAL\C++_PROJECTS\CODE\GAMETHESIS\GAMETHESIS\DEBUG\CARD.OBJ
D:\EDUCATIONAL\C++_PROJECTS\CODE\GAMETHESIS\GAMETHESIS\DEBUG\GAMETHESIS.EXE.INTERMEDIATE.MANIFEST
D:\EDUCATIONAL\C++_PROJECTS\CODE\GAMETHESIS\GAMETHESIS\DEBUG\MAIN.OBJ
D:\EDUCATIONAL\C++_PROJECTS\CODE\GAMETHESIS\GAMETHESIS\DEBUG\PLAYER.OBJ
D:\EDUCATIONAL\C++_PROJECTS\CODE\GAMETHESIS\GAMETHESIS\DEBUG\PLAYER2.OBJ
D:\EDUCATIONAL\C++_PROJECTS\CODE\GAMETHESIS\GAMETHESIS\DEBUG\VC100.PDB
